<?xml version="1.0" encoding="UTF-8"?>
<!-- Generated by org.testng.reporters.JUnitXMLReporter -->
<testsuite hostname="DESKTOP-J1AHFHL" ignored="7" name="PS Test" tests="1" failures="0" timestamp="2020-01-27T13:08:12 IST" time="17.574" errors="0">
  <testcase name="@BeforeMethod setup" time="17.499" classname="com.PS.tests.CustomersDetails">
    <failure type="org.openqa.selenium.NoSuchElementException" message="no such element: Unable to locate element: {&amp;quot;method&amp;quot;:&amp;quot;xpath&amp;quot;,&amp;quot;selector&amp;quot;:&amp;quot;//div[@class=&amp;apos;input-group&amp;apos;]//input[@placeholder=&amp;apos;Password&amp;apos;]&amp;quot;}
  (Session info: chrome=79.0.3945.117)
For documentation on this error, please visit: https://www.seleniumhq.org/exceptions/no_such_element.html
Build info: version: &amp;apos;3.141.59&amp;apos;, revision: &amp;apos;e82be7d358&amp;apos;, time: &amp;apos;2018-11-14T08:17:03&amp;apos;
System info: host: &amp;apos;DESKTOP-J1AHFHL&amp;apos;, ip: &amp;apos;10.0.75.1&amp;apos;, os.name: &amp;apos;Windows 10&amp;apos;, os.arch: &amp;apos;amd64&amp;apos;, os.version: &amp;apos;10.0&amp;apos;, java.version: &amp;apos;1.8.0_221&amp;apos;
Driver info: org.openqa.selenium.chrome.ChromeDriver
Capabilities {acceptInsecureCerts: false, browserName: chrome, browserVersion: 79.0.3945.117, chrome: {chromedriverVersion: 78.0.3904.70 (edb9c9f3de024..., userDataDir: C:\Users\Admin\AppData\Loca...}, goog:chromeOptions: {debuggerAddress: localhost:59134}, javascriptEnabled: true, networkConnectionEnabled: false, pageLoadStrategy: normal, platform: XP, platformName: XP, proxy: Proxy(), setWindowRect: true, strictFileInteractability: false, timeouts: {implicit: 0, pageLoad: 300000, script: 30000}, unhandledPromptBehavior: dismiss and notify}
Session ID: f43bd72511ed382edbcea014be78c644
*** Element info: {Using=xpath, value=//div[@class=&amp;apos;input-group&amp;apos;]//input[@placeholder=&amp;apos;Password&amp;apos;]}">
      <![CDATA[org.openqa.selenium.NoSuchElementException: no such element: Unable to locate element: {"method":"xpath","selector":"//div[@class='input-group']//input[@placeholder='Password']"}
  (Session info: chrome=79.0.3945.117)
For documentation on this error, please visit: https://www.seleniumhq.org/exceptions/no_such_element.html
Build info: version: '3.141.59', revision: 'e82be7d358', time: '2018-11-14T08:17:03'
System info: host: 'DESKTOP-J1AHFHL', ip: '10.0.75.1', os.name: 'Windows 10', os.arch: 'amd64', os.version: '10.0', java.version: '1.8.0_221'
Driver info: org.openqa.selenium.chrome.ChromeDriver
Capabilities {acceptInsecureCerts: false, browserName: chrome, browserVersion: 79.0.3945.117, chrome: {chromedriverVersion: 78.0.3904.70 (edb9c9f3de024..., userDataDir: C:\Users\Admin\AppData\Loca...}, goog:chromeOptions: {debuggerAddress: localhost:59134}, javascriptEnabled: true, networkConnectionEnabled: false, pageLoadStrategy: normal, platform: XP, platformName: XP, proxy: Proxy(), setWindowRect: true, strictFileInteractability: false, timeouts: {implicit: 0, pageLoad: 300000, script: 30000}, unhandledPromptBehavior: dismiss and notify}
Session ID: f43bd72511ed382edbcea014be78c644
*** Element info: {Using=xpath, value=//div[@class='input-group']//input[@placeholder='Password']}
at org.openqa.selenium.remote.http.W3CHttpResponseCodec.createException(W3CHttpResponseCodec.java:187)
at org.openqa.selenium.remote.http.W3CHttpResponseCodec.decode(W3CHttpResponseCodec.java:122)
at org.openqa.selenium.remote.http.W3CHttpResponseCodec.decode(W3CHttpResponseCodec.java:49)
at org.openqa.selenium.remote.HttpCommandExecutor.execute(HttpCommandExecutor.java:158)
at org.openqa.selenium.remote.service.DriverCommandExecutor.execute(DriverCommandExecutor.java:83)
at org.openqa.selenium.remote.RemoteWebDriver.execute(RemoteWebDriver.java:552)
at org.openqa.selenium.remote.RemoteWebDriver.findElement(RemoteWebDriver.java:323)
at org.openqa.selenium.remote.RemoteWebDriver.findElementByXPath(RemoteWebDriver.java:428)
at org.openqa.selenium.By$ByXPath.findElement(By.java:353)
at org.openqa.selenium.remote.RemoteWebDriver.findElement(RemoteWebDriver.java:315)
at org.openqa.selenium.support.pagefactory.DefaultElementLocator.findElement(DefaultElementLocator.java:69)
at org.openqa.selenium.support.pagefactory.internal.LocatingElementHandler.invoke(LocatingElementHandler.java:38)
at com.sun.proxy.$Proxy13.clear(Unknown Source)
at com.PS.util.Utility.enterText(Utility.java:85)
at com.PS.tests.CustomersDetails.setup(CustomersDetails.java:48)
at java.util.ArrayList.forEach(Unknown Source)
... Removed 35 stack frames]]>
    </failure>
  </testcase> <!-- @BeforeMethod setup -->
  <testcase name="@AfterMethod tearDown" time="-1.580110692711E9" classname="com.PS.tests.CustomersDetails">
    <skipped/>
  </testcase> <!-- @AfterMethod tearDown -->
  <testcase name="Test" time="0.0" classname="com.PS.tests.CustomersDetails">
    <skipped/>
  </testcase> <!-- Test -->
  <testcase name="createExpense" time="0.0" classname="com.PS.tests.CustomersDetails">
    <ignored/>
  </testcase> <!-- createExpense -->
  <testcase name="CreateSalesInvoice" time="0.0" classname="com.PS.tests.CustomersDetails">
    <ignored/>
  </testcase> <!-- CreateSalesInvoice -->
  <testcase name="CreateCustomer" time="0.0" classname="com.PS.tests.CustomersDetails">
    <ignored/>
  </testcase> <!-- CreateCustomer -->
  <testcase name="AcceptPayment" time="0.0" classname="com.PS.tests.CustomersDetails">
    <ignored/>
  </testcase> <!-- AcceptPayment -->
  <testcase name="ShowAddress" time="0.0" classname="com.PS.tests.CustomersDetails">
    <ignored/>
  </testcase> <!-- ShowAddress -->
  <testcase name="UploadCustomer" time="0.0" classname="com.PS.tests.CustomersDetails">
    <ignored/>
  </testcase> <!-- UploadCustomer -->
  <testcase name="CreateCreditMemo" time="0.0" classname="com.PS.tests.CustomersDetails">
    <ignored/>
  </testcase> <!-- CreateCreditMemo -->
</testsuite> <!-- PS Test -->
